<?xml version="1.0" encoding="UTF-8"?>
<!-- Generated by org.testng.reporters.JUnitXMLReporter -->
<testsuite ignored="8" hostname="DESKTOP-IRE7K3E" failures="2" tests="2" name="Testcase -Sell the Stocks" time="0.004" errors="0" timestamp="2022-06-03T11:57:39 IST">
  <testcase classname="TestBase.RediffBase" name="@AfterTest afterTest" time="0.0">
    <failure type="java.lang.NullPointerException" message="Cannot invoke &amp;quot;org.openqa.selenium.WebDriver.quit()&amp;quot; because &amp;quot;this.driver&amp;quot; is null">
      <![CDATA[java.lang.NullPointerException: Cannot invoke "org.openqa.selenium.WebDriver.quit()" because "this.driver" is null
at Utilty.GenericKeyword.quit(GenericKeyword.java:310)
at TestBase.RediffBase.afterTest(RediffBase.java:58)
at Runner.TestNGRunner.run(TestNGRunner.java:76)
at Runner.JsonRunner.main(JsonRunner.java:80)
... Removed 21 stack frames]]>
    </failure>
  </testcase> <!-- @AfterTest afterTest -->
  <testcase classname="TestCases.DoLogin" name="selectPortfolio" time="0.001">
    <failure type="java.lang.IllegalArgumentException" message="Input must be set">
      <![CDATA[java.lang.IllegalArgumentException: Input must be set
at org.openqa.selenium.internal.Require.nonNull(Require.java:56)
at org.openqa.selenium.support.ui.FluentWait.<init>(FluentWait.java:97)
at org.openqa.selenium.support.ui.WebDriverWait.<init>(WebDriverWait.java:128)
at org.openqa.selenium.support.ui.WebDriverWait.<init>(WebDriverWait.java:61)
at Utilty.GenericKeyword.presenceOfElement(GenericKeyword.java:123)
at Utilty.GenericKeyword.getElement(GenericKeyword.java:132)
at Utilty.GenericKeyword.selectFromDown(GenericKeyword.java:242)
at TestCases.DoLogin.selectPortfolio(DoLogin.java:23)
at java.base/java.util.ArrayList.forEach(ArrayList.java:1511)
at Runner.TestNGRunner.run(TestNGRunner.java:76)
at Runner.JsonRunner.main(JsonRunner.java:80)
... Removed 24 stack frames]]>
    </failure>
  </testcase> <!-- selectPortfolio -->
  <testcase classname="TestCases.StockManagement" name="sellTheStock" time="0.0">
    <failure type="java.lang.IllegalArgumentException" message="Driver must be set">
      <![CDATA[java.lang.IllegalArgumentException: Driver must be set
at org.openqa.selenium.internal.Require.nonNull(Require.java:56)
at org.openqa.selenium.interactions.Actions.<init>(Actions.java:67)
at Utilty.ApplicationKeyword.clickOnCompany(ApplicationKeyword.java:54)
at TestCases.StockManagement.sellTheStock(StockManagement.java:70)
at java.base/java.util.ArrayList.forEach(ArrayList.java:1511)
at Runner.TestNGRunner.run(TestNGRunner.java:76)
at Runner.JsonRunner.main(JsonRunner.java:80)
... Removed 24 stack frames]]>
    </failure>
  </testcase> <!-- sellTheStock -->
  <testcase classname="TestCases.DoLogin" name="doLogin" time="0.0">
    <ignored/>
  </testcase> <!-- doLogin -->
  <testcase classname="TestCases.StockManagement" name="goToCompany" time="0.0">
    <ignored/>
  </testcase> <!-- goToCompany -->
  <testcase classname="TestCases.StockManagement" name="buyTheStock" time="0.0">
    <ignored/>
  </testcase> <!-- buyTheStock -->
  <testcase classname="TestCases.StockManagement" name="quantityAfterModification" time="0.0">
    <ignored/>
  </testcase> <!-- quantityAfterModification -->
  <testcase classname="TestBase.RediffBase" name="@AfterSuite afterSuite" time="0.0">
    <ignored/>
  </testcase> <!-- @AfterSuite afterSuite -->
  <testcase classname="TestCases.StockManagement" name="addStock" time="0.0">
    <ignored/>
  </testcase> <!-- addStock -->
  <testcase classname="TestBase.RediffBase" name="@BeforeTest beforeTest" time="0.0">
    <ignored/>
  </testcase> <!-- @BeforeTest beforeTest -->
  <testcase classname="TestBase.RediffBase" name="@AfterTest afterTest" time="0.0">
    <ignored/>
  </testcase> <!-- @AfterTest afterTest -->
</testsuite> <!-- Testcase -Sell the Stocks -->
